0 info it worked if it ends with ok
1 verbose cli [ 'node', '/usr/local/bin/npm', 'install' ]
2 info using npm@1.4.28
3 info using node@v0.10.32
4 warn package.json @0.0.1 No repository field.
5 warn package.json @0.0.1 No README data
6 verbose readDependencies using package.json deps
7 verbose install where, deps [ '/Users/dylsauce/Desktop/pebblePunch/quarry',
7 verbose install   [ 'express', 'path', 'fs', 'socket.io', 'ejs', 'mongoose' ] ]
8 info preinstall @0.0.1
9 verbose readDependencies using package.json deps
10 verbose cache add [ 'express@~4.10.2', null ]
11 verbose cache add name=undefined spec="express@~4.10.2" args=["express@~4.10.2",null]
12 verbose parsed url { protocol: null,
12 verbose parsed url   slashes: null,
12 verbose parsed url   auth: null,
12 verbose parsed url   host: null,
12 verbose parsed url   port: null,
12 verbose parsed url   hostname: null,
12 verbose parsed url   hash: null,
12 verbose parsed url   search: null,
12 verbose parsed url   query: null,
12 verbose parsed url   pathname: 'express@~4.10.2',
12 verbose parsed url   path: 'express@~4.10.2',
12 verbose parsed url   href: 'express@~4.10.2' }
13 verbose cache add [ 'path@*', null ]
14 verbose cache add name=undefined spec="path@*" args=["path@*",null]
15 verbose parsed url { protocol: null,
15 verbose parsed url   slashes: null,
15 verbose parsed url   auth: null,
15 verbose parsed url   host: null,
15 verbose parsed url   port: null,
15 verbose parsed url   hostname: null,
15 verbose parsed url   hash: null,
15 verbose parsed url   search: null,
15 verbose parsed url   query: null,
15 verbose parsed url   pathname: 'path@*',
15 verbose parsed url   path: 'path@*',
15 verbose parsed url   href: 'path@*' }
16 verbose cache add [ 'fs@*', null ]
17 verbose cache add name=undefined spec="fs@*" args=["fs@*",null]
18 verbose parsed url { protocol: null,
18 verbose parsed url   slashes: null,
18 verbose parsed url   auth: null,
18 verbose parsed url   host: null,
18 verbose parsed url   port: null,
18 verbose parsed url   hostname: null,
18 verbose parsed url   hash: null,
18 verbose parsed url   search: null,
18 verbose parsed url   query: null,
18 verbose parsed url   pathname: 'fs@*',
18 verbose parsed url   path: 'fs@*',
18 verbose parsed url   href: 'fs@*' }
19 verbose cache add [ 'socket.io@*', null ]
20 verbose cache add name=undefined spec="socket.io@*" args=["socket.io@*",null]
21 verbose parsed url { protocol: null,
21 verbose parsed url   slashes: null,
21 verbose parsed url   auth: null,
21 verbose parsed url   host: null,
21 verbose parsed url   port: null,
21 verbose parsed url   hostname: null,
21 verbose parsed url   hash: null,
21 verbose parsed url   search: null,
21 verbose parsed url   query: null,
21 verbose parsed url   pathname: 'socket.io@*',
21 verbose parsed url   path: 'socket.io@*',
21 verbose parsed url   href: 'socket.io@*' }
22 verbose cache add [ 'ejs@*', null ]
23 verbose cache add name=undefined spec="ejs@*" args=["ejs@*",null]
24 verbose parsed url { protocol: null,
24 verbose parsed url   slashes: null,
24 verbose parsed url   auth: null,
24 verbose parsed url   host: null,
24 verbose parsed url   port: null,
24 verbose parsed url   hostname: null,
24 verbose parsed url   hash: null,
24 verbose parsed url   search: null,
24 verbose parsed url   query: null,
24 verbose parsed url   pathname: 'ejs@*',
24 verbose parsed url   path: 'ejs@*',
24 verbose parsed url   href: 'ejs@*' }
25 verbose cache add [ 'mongoose@*', null ]
26 verbose cache add name=undefined spec="mongoose@*" args=["mongoose@*",null]
27 verbose parsed url { protocol: null,
27 verbose parsed url   slashes: null,
27 verbose parsed url   auth: null,
27 verbose parsed url   host: null,
27 verbose parsed url   port: null,
27 verbose parsed url   hostname: null,
27 verbose parsed url   hash: null,
27 verbose parsed url   search: null,
27 verbose parsed url   query: null,
27 verbose parsed url   pathname: 'mongoose@*',
27 verbose parsed url   path: 'mongoose@*',
27 verbose parsed url   href: 'mongoose@*' }
28 verbose cache add name="express" spec="~4.10.2" args=["express","~4.10.2"]
29 verbose parsed url { protocol: null,
29 verbose parsed url   slashes: null,
29 verbose parsed url   auth: null,
29 verbose parsed url   host: null,
29 verbose parsed url   port: null,
29 verbose parsed url   hostname: null,
29 verbose parsed url   hash: null,
29 verbose parsed url   search: null,
29 verbose parsed url   query: null,
29 verbose parsed url   pathname: '~4.10.2',
29 verbose parsed url   path: '~4.10.2',
29 verbose parsed url   href: '~4.10.2' }
30 verbose addNamed [ 'express', '~4.10.2' ]
31 verbose addNamed [ null, '>=4.10.2-0 <4.11.0-0' ]
32 verbose cache add name="path" spec="*" args=["path","*"]
33 verbose parsed url { protocol: null,
33 verbose parsed url   slashes: null,
33 verbose parsed url   auth: null,
33 verbose parsed url   host: null,
33 verbose parsed url   port: null,
33 verbose parsed url   hostname: null,
33 verbose parsed url   hash: null,
33 verbose parsed url   search: null,
33 verbose parsed url   query: null,
33 verbose parsed url   pathname: '*',
33 verbose parsed url   path: '*',
33 verbose parsed url   href: '*' }
34 verbose addNamed [ 'path', '*' ]
35 verbose addNamed [ null, '*' ]
36 verbose cache add name="fs" spec="*" args=["fs","*"]
37 verbose parsed url { protocol: null,
37 verbose parsed url   slashes: null,
37 verbose parsed url   auth: null,
37 verbose parsed url   host: null,
37 verbose parsed url   port: null,
37 verbose parsed url   hostname: null,
37 verbose parsed url   hash: null,
37 verbose parsed url   search: null,
37 verbose parsed url   query: null,
37 verbose parsed url   pathname: '*',
37 verbose parsed url   path: '*',
37 verbose parsed url   href: '*' }
38 verbose addNamed [ 'fs', '*' ]
39 verbose addNamed [ null, '*' ]
40 verbose cache add name="socket.io" spec="*" args=["socket.io","*"]
41 verbose parsed url { protocol: null,
41 verbose parsed url   slashes: null,
41 verbose parsed url   auth: null,
41 verbose parsed url   host: null,
41 verbose parsed url   port: null,
41 verbose parsed url   hostname: null,
41 verbose parsed url   hash: null,
41 verbose parsed url   search: null,
41 verbose parsed url   query: null,
41 verbose parsed url   pathname: '*',
41 verbose parsed url   path: '*',
41 verbose parsed url   href: '*' }
42 verbose addNamed [ 'socket.io', '*' ]
43 verbose addNamed [ null, '*' ]
44 verbose cache add name="ejs" spec="*" args=["ejs","*"]
45 verbose parsed url { protocol: null,
45 verbose parsed url   slashes: null,
45 verbose parsed url   auth: null,
45 verbose parsed url   host: null,
45 verbose parsed url   port: null,
45 verbose parsed url   hostname: null,
45 verbose parsed url   hash: null,
45 verbose parsed url   search: null,
45 verbose parsed url   query: null,
45 verbose parsed url   pathname: '*',
45 verbose parsed url   path: '*',
45 verbose parsed url   href: '*' }
46 verbose addNamed [ 'ejs', '*' ]
47 verbose addNamed [ null, '*' ]
48 verbose cache add name="mongoose" spec="*" args=["mongoose","*"]
49 verbose parsed url { protocol: null,
49 verbose parsed url   slashes: null,
49 verbose parsed url   auth: null,
49 verbose parsed url   host: null,
49 verbose parsed url   port: null,
49 verbose parsed url   hostname: null,
49 verbose parsed url   hash: null,
49 verbose parsed url   search: null,
49 verbose parsed url   query: null,
49 verbose parsed url   pathname: '*',
49 verbose parsed url   path: '*',
49 verbose parsed url   href: '*' }
50 verbose addNamed [ 'mongoose', '*' ]
51 verbose addNamed [ null, '*' ]
52 silly lockFile b47cc0ff-express-4-10-2 express@~4.10.2
53 verbose lock express@~4.10.2 /Users/dylsauce/.npm/b47cc0ff-express-4-10-2.lock
54 silly lockFile 37776eef-path path@*
55 verbose lock path@* /Users/dylsauce/.npm/37776eef-path.lock
56 silly lockFile d8bf140d-fs fs@*
57 verbose lock fs@* /Users/dylsauce/.npm/d8bf140d-fs.lock
58 silly lockFile 141fbf03-socket-io socket.io@*
59 verbose lock socket.io@* /Users/dylsauce/.npm/141fbf03-socket-io.lock
60 silly lockFile 9d73ed50-ejs ejs@*
61 verbose lock ejs@* /Users/dylsauce/.npm/9d73ed50-ejs.lock
62 silly lockFile e0858070-mongoose mongoose@*
63 verbose lock mongoose@* /Users/dylsauce/.npm/e0858070-mongoose.lock
64 silly addNameRange { name: 'express',
64 silly addNameRange   range: '>=4.10.2-0 <4.11.0-0',
64 silly addNameRange   hasData: false }
65 silly addNameRange { name: 'path', range: '*', hasData: false }
66 silly addNameRange { name: 'fs', range: '*', hasData: false }
67 silly addNameRange { name: 'socket.io', range: '*', hasData: false }
68 silly addNameRange { name: 'ejs', range: '*', hasData: false }
69 silly addNameRange { name: 'mongoose', range: '*', hasData: false }
70 verbose request where is /path
71 verbose request registry https://registry.npmjs.org/
72 verbose request id 95655f9b0b9518e4
73 verbose url raw /path
74 verbose url resolving [ 'https://registry.npmjs.org/', './path' ]
75 verbose url resolved https://registry.npmjs.org/path
76 verbose request where is https://registry.npmjs.org/path
77 info trying registry request attempt 1 at 03:37:46
78 verbose etag "A3QJYI6RRSUJSYRU80AFGI50T"
79 http GET https://registry.npmjs.org/path
80 verbose request where is /fs
81 verbose request registry https://registry.npmjs.org/
82 verbose url raw /fs
83 verbose url resolving [ 'https://registry.npmjs.org/', './fs' ]
84 verbose url resolved https://registry.npmjs.org/fs
85 verbose request where is https://registry.npmjs.org/fs
86 info trying registry request attempt 1 at 03:37:46
87 verbose etag "3QBM28FIPE3MWO2IE3WE3XPJI"
88 http GET https://registry.npmjs.org/fs
89 verbose request where is /express
90 verbose request registry https://registry.npmjs.org/
91 verbose url raw /express
92 verbose url resolving [ 'https://registry.npmjs.org/', './express' ]
93 verbose url resolved https://registry.npmjs.org/express
94 verbose request where is https://registry.npmjs.org/express
95 info trying registry request attempt 1 at 03:37:46
96 verbose etag "4PZ8PH88OU3AKUOEJUKRJR98F"
97 http GET https://registry.npmjs.org/express
98 verbose request where is /ejs
99 verbose request registry https://registry.npmjs.org/
100 verbose url raw /ejs
101 verbose url resolving [ 'https://registry.npmjs.org/', './ejs' ]
102 verbose url resolved https://registry.npmjs.org/ejs
103 verbose request where is https://registry.npmjs.org/ejs
104 info trying registry request attempt 1 at 03:37:46
105 verbose etag "4SRZ6F5DH0RC5BVZ03AYGUTUR"
106 http GET https://registry.npmjs.org/ejs
107 verbose request where is /socket.io
108 verbose request registry https://registry.npmjs.org/
109 verbose url raw /socket.io
110 verbose url resolving [ 'https://registry.npmjs.org/', './socket.io' ]
111 verbose url resolved https://registry.npmjs.org/socket.io
112 verbose request where is https://registry.npmjs.org/socket.io
113 info trying registry request attempt 1 at 03:37:46
114 verbose etag "757NUZAL1QNARWY1FM202BBMC"
115 http GET https://registry.npmjs.org/socket.io
116 verbose request where is /mongoose
117 verbose request registry https://registry.npmjs.org/
118 verbose url raw /mongoose
119 verbose url resolving [ 'https://registry.npmjs.org/', './mongoose' ]
120 verbose url resolved https://registry.npmjs.org/mongoose
121 verbose request where is https://registry.npmjs.org/mongoose
122 info trying registry request attempt 1 at 03:37:46
123 verbose etag "DD5YG1L3V7GLEXJW4NS9LFPR3"
124 http GET https://registry.npmjs.org/mongoose
125 http 304 https://registry.npmjs.org/ejs
126 silly registry.get cb [ 304,
126 silly registry.get   { date: 'Sun, 01 Feb 2015 08:37:45 GMT',
126 silly registry.get     server: 'Apache',
126 silly registry.get     via: '1.1 varnish',
126 silly registry.get     'last-modified': 'Sun, 01 Feb 2015 08:37:15 GMT',
126 silly registry.get     'cache-control': 'max-age=60',
126 silly registry.get     etag: '"4SRZ6F5DH0RC5BVZ03AYGUTUR"',
126 silly registry.get     age: '40',
126 silly registry.get     'x-served-by': 'cache-iad2125-IAD',
126 silly registry.get     'x-cache': 'HIT',
126 silly registry.get     'x-cache-hits': '2',
126 silly registry.get     'x-timer': 'S1422779865.767958,VS0,VE0',
126 silly registry.get     vary: 'Accept',
126 silly registry.get     'content-length': '0',
126 silly registry.get     'keep-alive': 'timeout=10, max=50',
126 silly registry.get     connection: 'Keep-Alive' } ]
127 verbose etag https://registry.npmjs.org/ejs from cache
128 http 304 https://registry.npmjs.org/socket.io
129 silly registry.get cb [ 304,
129 silly registry.get   { date: 'Sun, 01 Feb 2015 08:37:45 GMT',
129 silly registry.get     server: 'Apache',
129 silly registry.get     via: '1.1 varnish',
129 silly registry.get     'last-modified': 'Sun, 01 Feb 2015 08:37:45 GMT',
129 silly registry.get     'cache-control': 'max-age=60',
129 silly registry.get     etag: '"757NUZAL1QNARWY1FM202BBMC"',
129 silly registry.get     age: '42',
129 silly registry.get     'x-served-by': 'cache-iad2146-IAD',
129 silly registry.get     'x-cache': 'HIT',
129 silly registry.get     'x-cache-hits': '1',
129 silly registry.get     'x-timer': 'S1422779865.769712,VS0,VE0',
129 silly registry.get     vary: 'Accept',
129 silly registry.get     'content-length': '0',
129 silly registry.get     'keep-alive': 'timeout=10, max=50',
129 silly registry.get     connection: 'Keep-Alive' } ]
130 verbose etag https://registry.npmjs.org/socket.io from cache
131 silly addNameRange number 2 { name: 'ejs', range: '*', hasData: true }
132 silly addNameRange versions [ 'ejs',
132 silly addNameRange   [ '0.0.1',
132 silly addNameRange     '0.0.2',
132 silly addNameRange     '0.0.3',
132 silly addNameRange     '0.0.4',
132 silly addNameRange     '0.1.0',
132 silly addNameRange     '0.2.0',
132 silly addNameRange     '0.2.1',
132 silly addNameRange     '0.3.0',
132 silly addNameRange     '0.3.1',
132 silly addNameRange     '0.4.0',
132 silly addNameRange     '0.4.1',
132 silly addNameRange     '0.4.2',
132 silly addNameRange     '0.4.3',
132 silly addNameRange     '0.5.0',
132 silly addNameRange     '0.6.0',
132 silly addNameRange     '0.6.1',
132 silly addNameRange     '0.7.0',
132 silly addNameRange     '0.7.1',
132 silly addNameRange     '0.7.2',
132 silly addNameRange     '0.8.0',
132 silly addNameRange     '0.8.1',
132 silly addNameRange     '0.8.2',
132 silly addNameRange     '0.8.3',
132 silly addNameRange     '0.8.4',
132 silly addNameRange     '0.8.5',
132 silly addNameRange     '0.8.6',
132 silly addNameRange     '0.8.8',
132 silly addNameRange     '1.0.0',
132 silly addNameRange     '2.0.2',
132 silly addNameRange     '2.0.3',
132 silly addNameRange     '2.0.4',
132 silly addNameRange     '2.0.5',
132 silly addNameRange     '2.0.6',
132 silly addNameRange     '2.0.7',
132 silly addNameRange     '2.0.8',
132 silly addNameRange     '2.1.1',
132 silly addNameRange     '2.1.2',
132 silly addNameRange     '2.1.3',
132 silly addNameRange     '2.1.4',
132 silly addNameRange     '2.2.1',
132 silly addNameRange     '2.2.2',
132 silly addNameRange     '2.2.3' ] ]
133 verbose addNamed [ 'ejs', '2.2.3' ]
134 verbose addNamed [ '2.2.3', '2.2.3' ]
135 silly lockFile 7333c456-ejs-2-2-3 ejs@2.2.3
136 verbose lock ejs@2.2.3 /Users/dylsauce/.npm/7333c456-ejs-2-2-3.lock
137 silly addNameRange number 2 { name: 'socket.io', range: '*', hasData: true }
138 silly addNameRange versions [ 'socket.io',
138 silly addNameRange   [ '0.3.8',
138 silly addNameRange     '0.4.0',
138 silly addNameRange     '0.4.1',
138 silly addNameRange     '0.5.1',
138 silly addNameRange     '0.5.3',
138 silly addNameRange     '0.6.0',
138 silly addNameRange     '0.6.1',
138 silly addNameRange     '0.6.3',
138 silly addNameRange     '0.6.4',
138 silly addNameRange     '0.6.5',
138 silly addNameRange     '0.6.6',
138 silly addNameRange     '0.6.7',
138 silly addNameRange     '0.6.8',
138 silly addNameRange     '0.6.9',
138 silly addNameRange     '0.6.10',
138 silly addNameRange     '0.6.11',
138 silly addNameRange     '0.6.12',
138 silly addNameRange     '0.6.14',
138 silly addNameRange     '0.6.15',
138 silly addNameRange     '0.6.16',
138 silly addNameRange     '0.6.17',
138 silly addNameRange     '0.6.18',
138 silly addNameRange     '0.7.0',
138 silly addNameRange     '0.7.1',
138 silly addNameRange     '0.7.2',
138 silly addNameRange     '0.7.3',
138 silly addNameRange     '0.7.4',
138 silly addNameRange     '0.7.5',
138 silly addNameRange     '0.7.6',
138 silly addNameRange     '0.7.7',
138 silly addNameRange     '0.7.8',
138 silly addNameRange     '0.7.9',
138 silly addNameRange     '0.7.10',
138 silly addNameRange     '0.7.11',
138 silly addNameRange     '0.8.0',
138 silly addNameRange     '0.8.1',
138 silly addNameRange     '0.8.2',
138 silly addNameRange     '0.8.3',
138 silly addNameRange     '0.8.4',
138 silly addNameRange     '0.8.5',
138 silly addNameRange     '0.8.6',
138 silly addNameRange     '0.8.7',
138 silly addNameRange     '0.9.0',
138 silly addNameRange     '0.9.1',
138 silly addNameRange     '0.9.1-1',
138 silly addNameRange     '0.9.2',
138 silly addNameRange     '0.9.3',
138 silly addNameRange     '0.9.4',
138 silly addNameRange     '0.9.5',
138 silly addNameRange     '0.9.6',
138 silly addNameRange     '0.9.7',
138 silly addNameRange     '0.9.8',
138 silly addNameRange     '0.9.9',
138 silly addNameRange     '0.9.10',
138 silly addNameRange     '0.9.11',
138 silly addNameRange     '0.9.12',
138 silly addNameRange     '0.9.13',
138 silly addNameRange     '0.9.14',
138 silly addNameRange     '0.9.15',
138 silly addNameRange     '0.9.16',
138 silly addNameRange     '1.0.0-pre',
138 silly addNameRange     '1.0.0-pre2',
138 silly addNameRange     '1.0.0-pre3',
138 silly addNameRange     '1.0.0-pre4',
138 silly addNameRange     '1.0.0-pre5',
138 silly addNameRange     '0.9.17',
138 silly addNameRange     '1.0.0',
138 silly addNameRange     '1.0.1',
138 silly addNameRange     '1.0.2',
138 silly addNameRange     '1.0.3',
138 silly addNameRange     '1.0.4',
138 silly addNameRange     '1.0.5',
138 silly addNameRange     '1.0.6',
138 silly addNameRange     '1.1.0',
138 silly addNameRange     '1.2.0',
138 silly addNameRange     '1.2.1',
138 silly addNameRange     '1.3.0',
138 silly addNameRange     '1.3.1',
138 silly addNameRange     '1.3.2' ] ]
139 verbose addNamed [ 'socket.io', '1.3.2' ]
140 verbose addNamed [ '1.3.2', '1.3.2' ]
141 silly lockFile b15c0080-socket-io-1-3-2 socket.io@1.3.2
142 verbose lock socket.io@1.3.2 /Users/dylsauce/.npm/b15c0080-socket-io-1-3-2.lock
143 silly lockFile a8e2d980-stry-npmjs-org-ejs-ejs-2-2-3-tgz https://registry.npmjs.org/ejs/-/ejs-2.2.3.tgz
144 verbose lock https://registry.npmjs.org/ejs/-/ejs-2.2.3.tgz /Users/dylsauce/.npm/a8e2d980-stry-npmjs-org-ejs-ejs-2-2-3-tgz.lock
145 http 304 https://registry.npmjs.org/mongoose
146 silly registry.get cb [ 304,
146 silly registry.get   { date: 'Sun, 01 Feb 2015 08:37:45 GMT',
146 silly registry.get     server: 'Apache',
146 silly registry.get     via: '1.1 varnish',
146 silly registry.get     'last-modified': 'Sun, 01 Feb 2015 08:37:45 GMT',
146 silly registry.get     'cache-control': 'max-age=60',
146 silly registry.get     etag: '"DD5YG1L3V7GLEXJW4NS9LFPR3"',
146 silly registry.get     age: '49',
146 silly registry.get     'x-served-by': 'cache-iad2125-IAD',
146 silly registry.get     'x-cache': 'HIT',
146 silly registry.get     'x-cache-hits': '1',
146 silly registry.get     'x-timer': 'S1422779865.794883,VS0,VE1',
146 silly registry.get     vary: 'Accept',
146 silly registry.get     'content-length': '0',
146 silly registry.get     'keep-alive': 'timeout=10, max=49',
146 silly registry.get     connection: 'Keep-Alive' } ]
147 verbose etag https://registry.npmjs.org/mongoose from cache
148 silly lockFile b3aebed7-rg-socket-io-socket-io-1-3-2-tgz https://registry.npmjs.org/socket.io/-/socket.io-1.3.2.tgz
149 verbose lock https://registry.npmjs.org/socket.io/-/socket.io-1.3.2.tgz /Users/dylsauce/.npm/b3aebed7-rg-socket-io-socket-io-1-3-2-tgz.lock
150 verbose addRemoteTarball [ 'https://registry.npmjs.org/ejs/-/ejs-2.2.3.tgz',
150 verbose addRemoteTarball   '8d78070eeb2689d94de660279bb9898de9df1ba0' ]
151 verbose addRemoteTarball [ 'https://registry.npmjs.org/socket.io/-/socket.io-1.3.2.tgz',
151 verbose addRemoteTarball   'b8c1ffc63b3341d9609ee55e06560a6ca1f185e5' ]
152 silly addNameRange number 2 { name: 'mongoose', range: '*', hasData: true }
153 silly addNameRange versions [ 'mongoose',
153 silly addNameRange   [ '0.0.1',
153 silly addNameRange     '0.0.2',
153 silly addNameRange     '0.0.3',
153 silly addNameRange     '0.0.4',
153 silly addNameRange     '0.0.5',
153 silly addNameRange     '1.0.0',
153 silly addNameRange     '1.0.1',
153 silly addNameRange     '1.0.2',
153 silly addNameRange     '0.0.6',
153 silly addNameRange     '1.0.3',
153 silly addNameRange     '1.0.4',
153 silly addNameRange     '1.0.5',
153 silly addNameRange     '1.0.6',
153 silly addNameRange     '1.0.7',
153 silly addNameRange     '1.0.8',
153 silly addNameRange     '1.0.10',
153 silly addNameRange     '1.0.11',
153 silly addNameRange     '1.0.12',
153 silly addNameRange     '1.0.13',
153 silly addNameRange     '1.0.14',
153 silly addNameRange     '1.0.15',
153 silly addNameRange     '1.0.16',
153 silly addNameRange     '1.1.0',
153 silly addNameRange     '1.1.1',
153 silly addNameRange     '1.1.2',
153 silly addNameRange     '1.1.3',
153 silly addNameRange     '1.1.4',
153 silly addNameRange     '1.1.5',
153 silly addNameRange     '1.1.6',
153 silly addNameRange     '1.1.7',
153 silly addNameRange     '1.1.8',
153 silly addNameRange     '1.1.9',
153 silly addNameRange     '1.1.10',
153 silly addNameRange     '1.1.11',
153 silly addNameRange     '1.1.12',
153 silly addNameRange     '1.1.13',
153 silly addNameRange     '1.1.14',
153 silly addNameRange     '1.1.15',
153 silly addNameRange     '1.1.16',
153 silly addNameRange     '1.1.17',
153 silly addNameRange     '1.1.18',
153 silly addNameRange     '1.1.19',
153 silly addNameRange     '1.1.20',
153 silly addNameRange     '1.1.21',
153 silly addNameRange     '1.1.22',
153 silly addNameRange     '1.1.23',
153 silly addNameRange     '1.1.24',
153 silly addNameRange     '1.1.25',
153 silly addNameRange     '1.2.0',
153 silly addNameRange     '1.3.0',
153 silly addNameRange     '1.3.1',
153 silly addNameRange     '1.3.2',
153 silly addNameRange     '1.3.3',
153 silly addNameRange     '1.3.4',
153 silly addNameRange     '1.3.5',
153 silly addNameRange     '1.3.6',
153 silly addNameRange     '1.3.7',
153 silly addNameRange     '1.4.0',
153 silly addNameRange     '1.5.0',
153 silly addNameRange     '1.6.0',
153 silly addNameRange     '1.7.2',
153 silly addNameRange     '1.7.3',
153 silly addNameRange     '1.7.4',
153 silly addNameRange     '1.8.0',
153 silly addNameRange     '1.8.1',
153 silly addNameRange     '1.8.2',
153 silly addNameRange     '1.8.3',
153 silly addNameRange     '1.8.4',
153 silly addNameRange     '2.0.0',
153 silly addNameRange     '2.0.1',
153 silly addNameRange     '2.0.2',
153 silly addNameRange     '2.0.3',
153 silly addNameRange     '2.0.4',
153 silly addNameRange     '2.1.0',
153 silly addNameRange     '2.1.1',
153 silly addNameRange     '2.1.2',
153 silly addNameRange     '2.1.3',
153 silly addNameRange     '2.1.4',
153 silly addNameRange     '2.2.0',
153 silly addNameRange     '2.2.1',
153 silly addNameRange     '2.2.2',
153 silly addNameRange     '2.2.3',
153 silly addNameRange     '2.2.4',
153 silly addNameRange     '2.3.0',
153 silly addNameRange     '2.3.1',
153 silly addNameRange     '2.3.2',
153 silly addNameRange     '2.3.3',
153 silly addNameRange     '2.3.4',
153 silly addNameRange     '2.3.5',
153 silly addNameRange     '2.3.6',
153 silly addNameRange     '2.3.7',
153 silly addNameRange     '2.3.8',
153 silly addNameRange     '2.3.9',
153 silly addNameRange     '2.3.10',
153 silly addNameRange     '2.3.11',
153 silly addNameRange     '2.3.12',
153 silly addNameRange     '2.3.13',
153 silly addNameRange     '2.4.0',
153 silly addNameRange     '2.4.1',
153 silly addNameRange     '2.4.2',
153 silly addNameRange     '2.4.3',
153 silly addNameRange     '2.4.4',
153 silly addNameRange     '2.4.5',
153 silly addNameRange     '2.4.6',
153 silly addNameRange     '2.4.7',
153 silly addNameRange     '2.4.8',
153 silly addNameRange     '2.4.9',
153 silly addNameRange     '2.4.10',
153 silly addNameRange     '2.5.0',
153 silly addNameRange     '2.5.1',
153 silly addNameRange     '2.5.2',
153 silly addNameRange     '2.5.3',
153 silly addNameRange     '2.5.4',
153 silly addNameRange     '2.5.5',
153 silly addNameRange     '2.5.6',
153 silly addNameRange     '2.5.7',
153 silly addNameRange     '2.5.8',
153 silly addNameRange     '2.5.9',
153 silly addNameRange     '2.5.10',
153 silly addNameRange     '2.5.11',
153 silly addNameRange     '2.5.12',
153 silly addNameRange     '2.5.13',
153 silly addNameRange     '2.5.14',
153 silly addNameRange     '2.6.0',
153 silly addNameRange     '2.6.1',
153 silly addNameRange     '2.6.2',
153 silly addNameRange     '2.6.3',
153 silly addNameRange     '2.6.4',
153 silly addNameRange     '2.6.5',
153 silly addNameRange     '2.6.6',
153 silly addNameRange     '2.6.7',
153 silly addNameRange     '2.6.8',
153 silly addNameRange     '2.7.0',
153 silly addNameRange     '2.7.1',
153 silly addNameRange     '2.7.2',
153 silly addNameRange     '2.7.4',
153 silly addNameRange     '2.7.3',
153 silly addNameRange     '3.0.0',
153 silly addNameRange     '3.0.1',
153 silly addNameRange     '3.0.2',
153 silly addNameRange     '2.8.0',
153 silly addNameRange     '3.0.3',
153 silly addNameRange     '3.1.0',
153 silly addNameRange     '2.8.1',
153 silly addNameRange     '3.1.1',
153 silly addNameRange     '2.8.2',
153 silly addNameRange     '2.8.3',
153 silly addNameRange     '2.9.0',
153 silly addNameRange     '3.2.0',
153 silly addNameRange     '2.9.1',
153 silly addNameRange     '3.2.1',
153 silly addNameRange     '2.9.2',
153 silly addNameRange     '3.2.2',
153 silly addNameRange     '3.3.0',
153 silly addNameRange     '3.3.1',
153 silly addNameRange     '2.9.3',
153 silly addNameRange     '3.4.0',
153 silly addNameRange     '2.9.4',
153 silly addNameRange     '2.9.5',
153 silly addNameRange     '3.5.0',
153 silly addNameRange     '3.5.1',
153 silly addNameRange     '3.5.2',
153 silly addNameRange     '3.5.3',
153 silly addNameRange     '2.9.6',
153 silly addNameRange     '2.9.7',
153 silly addNameRange     '3.5.4',
153 silly addNameRange     '3.5.5',
153 silly addNameRange     '2.9.8',
153 silly addNameRange     '2.9.9',
153 silly addNameRange     '3.5.6',
153 silly addNameRange     '3.5.7',
153 silly addNameRange     '3.5.8',
153 silly addNameRange     '2.9.10',
153 silly addNameRange     '3.5.9',
153 silly addNameRange     '3.6.2',
153 silly addNameRange     '3.5.10',
153 silly addNameRange     '3.6.3',
153 silly addNameRange     '3.5.11',
153 silly addNameRange     '3.6.4',
153 silly addNameRange     '3.6.5',
153 silly addNameRange     '3.6.6',
153 silly addNameRange     '3.6.7',
153 silly addNameRange     '3.5.12',
153 silly addNameRange     '3.6.8',
153 silly addNameRange     '3.6.9',
153 silly addNameRange     '3.6.10',
153 silly addNameRange     '3.5.13',
153 silly addNameRange     '3.5.14',
153 silly addNameRange     '3.6.11',
153 silly addNameRange     '3.6.12',
153 silly addNameRange     '3.6.13',
153 silly addNameRange     '3.6.14',
153 silly addNameRange     '3.6.15',
153 silly addNameRange     '3.5.15',
153 silly addNameRange     '3.7.0',
153 silly addNameRange     '3.6.16',
153 silly addNameRange     '3.5.16',
153 silly addNameRange     '3.6.17',
153 silly addNameRange     '3.7.2',
153 silly addNameRange     '3.0.0-alpha1',
153 silly addNameRange     '3.0.0-alpha2',
153 silly addNameRange     '3.0.0-rc0',
153 silly addNameRange     '3.6.0-rc0',
153 silly addNameRange     '3.6.0-rc1',
153 silly addNameRange     '3.6.18',
153 silly addNameRange     '3.7.3',
153 silly addNameRange     '3.6.19',
153 silly addNameRange     '3.6.20',
153 silly addNameRange     '3.7.4',
153 silly addNameRange     '3.8.0',
153 silly addNameRange     '3.8.1',
153 silly addNameRange     '3.8.2',
153 silly addNameRange     '3.8.3',
153 silly addNameRange     '3.8.4',
153 silly addNameRange     '3.8.5',
153 silly addNameRange     '3.8.6',
153 silly addNameRange     '3.8.7',
153 silly addNameRange     '3.8.8',
153 silly addNameRange     '3.8.9',
153 silly addNameRange     '3.8.10',
153 silly addNameRange     '3.8.11',
153 silly addNameRange     '3.9.0',
153 silly addNameRange     '3.8.12',
153 silly addNameRange     '3.8.13',
153 silly addNameRange     '3.8.14',
153 silly addNameRange     '3.8.15',
153 silly addNameRange     '3.9.1',
153 silly addNameRange     '3.8.16',
153 silly addNameRange     '3.9.2',
153 silly addNameRange     '3.8.17',
153 silly addNameRange     '3.9.3',
153 silly addNameRange     '3.8.18',
153 silly addNameRange     '3.9.4',
153 silly addNameRange     '3.8.19',
153 silly addNameRange     '3.9.5',
153 silly addNameRange     '3.8.20',
153 silly addNameRange     '3.9.6',
153 silly addNameRange     '3.8.21',
153 silly addNameRange     '3.9.7',
153 silly addNameRange     '3.8.22',
153 silly addNameRange     '4.0.0-rc0' ] ]
154 verbose addNamed [ 'mongoose', '3.8.22' ]
155 verbose addNamed [ '3.8.22', '3.8.22' ]
156 silly lockFile 1574d450-mongoose-3-8-22 mongoose@3.8.22
157 verbose lock mongoose@3.8.22 /Users/dylsauce/.npm/1574d450-mongoose-3-8-22.lock
158 info retry fetch attempt 1 at 03:37:46
159 verbose fetch to= /var/folders/2j/6bqx933j29d8mpfmwd417dsr0000gn/T/npm-37254-dotml_kl/registry.npmjs.org/socket.io/-/socket.io-1.3.2.tgz
160 http 304 https://registry.npmjs.org/fs
161 silly registry.get cb [ 304,
161 silly registry.get   { date: 'Sun, 01 Feb 2015 08:37:45 GMT',
161 silly registry.get     server: 'Apache',
161 silly registry.get     via: '1.1 varnish',
161 silly registry.get     'last-modified': 'Sun, 01 Feb 2015 08:37:45 GMT',
161 silly registry.get     'cache-control': 'max-age=60',
161 silly registry.get     etag: '"3QBM28FIPE3MWO2IE3WE3XPJI"',
161 silly registry.get     age: '0',
161 silly registry.get     'x-served-by': 'cache-iad2141-IAD',
161 silly registry.get     'x-cache': 'MISS',
161 silly registry.get     'x-cache-hits': '0',
161 silly registry.get     'x-timer': 'S1422779865.762368,VS0,VE54',
161 silly registry.get     vary: 'Accept',
161 silly registry.get     'content-length': '0',
161 silly registry.get     'keep-alive': 'timeout=10, max=50',
161 silly registry.get     connection: 'Keep-Alive' } ]
162 verbose etag https://registry.npmjs.org/fs from cache
163 info retry fetch attempt 1 at 03:37:46
164 verbose fetch to= /var/folders/2j/6bqx933j29d8mpfmwd417dsr0000gn/T/npm-37254-dotml_kl/registry.npmjs.org/ejs/-/ejs-2.2.3.tgz
165 http 304 https://registry.npmjs.org/path
166 silly registry.get cb [ 304,
166 silly registry.get   { date: 'Sun, 01 Feb 2015 08:37:45 GMT',
166 silly registry.get     server: 'Apache',
166 silly registry.get     via: '1.1 varnish',
166 silly registry.get     'last-modified': 'Sun, 01 Feb 2015 08:37:45 GMT',
166 silly registry.get     'cache-control': 'max-age=60',
166 silly registry.get     etag: '"A3QJYI6RRSUJSYRU80AFGI50T"',
166 silly registry.get     age: '0',
166 silly registry.get     'x-served-by': 'cache-iad2121-IAD',
166 silly registry.get     'x-cache': 'HIT',
166 silly registry.get     'x-cache-hits': '1',
166 silly registry.get     'x-timer': 'S1422779865.763267,VS0,VE58',
166 silly registry.get     vary: 'Accept',
166 silly registry.get     'content-length': '0',
166 silly registry.get     'keep-alive': 'timeout=10, max=50',
166 silly registry.get     connection: 'Keep-Alive' } ]
167 verbose etag https://registry.npmjs.org/path from cache
168 http GET https://registry.npmjs.org/socket.io/-/socket.io-1.3.2.tgz
169 silly lockFile cefea14a-org-mongoose-mongoose-3-8-22-tgz https://registry.npmjs.org/mongoose/-/mongoose-3.8.22.tgz
170 verbose lock https://registry.npmjs.org/mongoose/-/mongoose-3.8.22.tgz /Users/dylsauce/.npm/cefea14a-org-mongoose-mongoose-3-8-22-tgz.lock
171 http GET https://registry.npmjs.org/ejs/-/ejs-2.2.3.tgz
172 verbose addRemoteTarball [ 'https://registry.npmjs.org/mongoose/-/mongoose-3.8.22.tgz',
172 verbose addRemoteTarball   'e5f21eb1dac5532cdee15241dea50553267eb2e4' ]
173 silly addNameRange number 2 { name: 'fs', range: '*', hasData: true }
174 silly addNameRange versions [ 'fs', [ '0.0.0', '0.0.2' ] ]
175 verbose addNamed [ 'fs', '0.0.2' ]
176 verbose addNamed [ '0.0.2', '0.0.2' ]
177 silly lockFile afea0479-fs-0-0-2 fs@0.0.2
178 verbose lock fs@0.0.2 /Users/dylsauce/.npm/afea0479-fs-0-0-2.lock
179 info retry fetch attempt 1 at 03:37:46
180 verbose fetch to= /var/folders/2j/6bqx933j29d8mpfmwd417dsr0000gn/T/npm-37254-dotml_kl/registry.npmjs.org/mongoose/-/mongoose-3.8.22.tgz
181 silly addNameRange number 2 { name: 'path', range: '*', hasData: true }
182 silly addNameRange versions [ 'path', [ '0.4.9', '0.4.10', '0.11.14' ] ]
183 verbose addNamed [ 'path', '0.11.14' ]
184 verbose addNamed [ '0.11.14', '0.11.14' ]
185 silly lockFile 0efa112a-path-0-11-14 path@0.11.14
186 verbose lock path@0.11.14 /Users/dylsauce/.npm/0efa112a-path-0-11-14.lock
187 http GET https://registry.npmjs.org/mongoose/-/mongoose-3.8.22.tgz
188 silly lockFile afea0479-fs-0-0-2 fs@0.0.2
189 silly lockFile afea0479-fs-0-0-2 fs@0.0.2
190 silly lockFile 0efa112a-path-0-11-14 path@0.11.14
191 silly lockFile 0efa112a-path-0-11-14 path@0.11.14
192 silly lockFile d8bf140d-fs fs@*
193 silly lockFile d8bf140d-fs fs@*
194 silly lockFile 37776eef-path path@*
195 silly lockFile 37776eef-path path@*
196 http 200 https://registry.npmjs.org/socket.io/-/socket.io-1.3.2.tgz
197 http 200 https://registry.npmjs.org/ejs/-/ejs-2.2.3.tgz
198 http 200 https://registry.npmjs.org/mongoose/-/mongoose-3.8.22.tgz
199 silly lockFile b3aebed7-rg-socket-io-socket-io-1-3-2-tgz https://registry.npmjs.org/socket.io/-/socket.io-1.3.2.tgz
200 silly lockFile b3aebed7-rg-socket-io-socket-io-1-3-2-tgz https://registry.npmjs.org/socket.io/-/socket.io-1.3.2.tgz
201 silly lockFile b15c0080-socket-io-1-3-2 socket.io@1.3.2
202 silly lockFile b15c0080-socket-io-1-3-2 socket.io@1.3.2
203 silly lockFile 141fbf03-socket-io socket.io@*
204 silly lockFile 141fbf03-socket-io socket.io@*
205 silly lockFile a8e2d980-stry-npmjs-org-ejs-ejs-2-2-3-tgz https://registry.npmjs.org/ejs/-/ejs-2.2.3.tgz
206 silly lockFile a8e2d980-stry-npmjs-org-ejs-ejs-2-2-3-tgz https://registry.npmjs.org/ejs/-/ejs-2.2.3.tgz
207 silly lockFile 7333c456-ejs-2-2-3 ejs@2.2.3
208 silly lockFile 7333c456-ejs-2-2-3 ejs@2.2.3
209 silly lockFile 9d73ed50-ejs ejs@*
210 silly lockFile 9d73ed50-ejs ejs@*
211 silly lockFile cefea14a-org-mongoose-mongoose-3-8-22-tgz https://registry.npmjs.org/mongoose/-/mongoose-3.8.22.tgz
212 silly lockFile cefea14a-org-mongoose-mongoose-3-8-22-tgz https://registry.npmjs.org/mongoose/-/mongoose-3.8.22.tgz
213 silly lockFile 1574d450-mongoose-3-8-22 mongoose@3.8.22
214 silly lockFile 1574d450-mongoose-3-8-22 mongoose@3.8.22
215 silly lockFile e0858070-mongoose mongoose@*
216 silly lockFile e0858070-mongoose mongoose@*
217 http 304 https://registry.npmjs.org/express
218 silly registry.get cb [ 304,
218 silly registry.get   { date: 'Sun, 01 Feb 2015 08:37:45 GMT',
218 silly registry.get     server: 'Apache',
218 silly registry.get     via: '1.1 varnish',
218 silly registry.get     'last-modified': 'Sun, 01 Feb 2015 08:37:46 GMT',
218 silly registry.get     'cache-control': 'max-age=60',
218 silly registry.get     etag: '"4PZ8PH88OU3AKUOEJUKRJR98F"',
218 silly registry.get     age: '0',
218 silly registry.get     'x-served-by': 'cache-iad2129-IAD',
218 silly registry.get     'x-cache': 'HIT',
218 silly registry.get     'x-cache-hits': '1',
218 silly registry.get     'x-timer': 'S1422779865.766211,VS0,VE354',
218 silly registry.get     vary: 'Accept',
218 silly registry.get     'content-length': '0',
218 silly registry.get     'keep-alive': 'timeout=10, max=50',
218 silly registry.get     connection: 'Keep-Alive' } ]
219 verbose etag https://registry.npmjs.org/express from cache
220 silly addNameRange number 2 { name: 'express', range: '>=4.10.2-0 <4.11.0-0', hasData: true }
221 silly addNameRange versions [ 'express',
221 silly addNameRange   [ '0.14.0',
221 silly addNameRange     '0.14.1',
221 silly addNameRange     '1.0.0',
221 silly addNameRange     '1.0.1',
221 silly addNameRange     '1.0.2',
221 silly addNameRange     '1.0.3',
221 silly addNameRange     '1.0.4',
221 silly addNameRange     '1.0.5',
221 silly addNameRange     '1.0.6',
221 silly addNameRange     '1.0.7',
221 silly addNameRange     '1.0.8',
221 silly addNameRange     '2.0.0',
221 silly addNameRange     '2.1.0',
221 silly addNameRange     '2.1.1',
221 silly addNameRange     '2.2.0',
221 silly addNameRange     '2.2.1',
221 silly addNameRange     '2.2.2',
221 silly addNameRange     '2.3.0',
221 silly addNameRange     '2.3.1',
221 silly addNameRange     '2.3.2',
221 silly addNameRange     '2.3.3',
221 silly addNameRange     '2.3.4',
221 silly addNameRange     '2.3.5',
221 silly addNameRange     '2.3.6',
221 silly addNameRange     '2.3.7',
221 silly addNameRange     '2.3.8',
221 silly addNameRange     '2.3.9',
221 silly addNameRange     '2.3.10',
221 silly addNameRange     '2.3.11',
221 silly addNameRange     '2.3.12',
221 silly addNameRange     '2.4.0',
221 silly addNameRange     '2.4.1',
221 silly addNameRange     '2.4.2',
221 silly addNameRange     '2.4.3',
221 silly addNameRange     '2.4.4',
221 silly addNameRange     '2.4.5',
221 silly addNameRange     '2.4.6',
221 silly addNameRange     '2.4.7',
221 silly addNameRange     '2.5.0',
221 silly addNameRange     '2.5.1',
221 silly addNameRange     '2.5.2',
221 silly addNameRange     '2.5.3',
221 silly addNameRange     '2.5.4',
221 silly addNameRange     '2.5.5',
221 silly addNameRange     '2.5.6',
221 silly addNameRange     '2.5.7',
221 silly addNameRange     '2.5.8',
221 silly addNameRange     '2.5.9',
221 silly addNameRange     '2.5.10',
221 silly addNameRange     '2.5.11',
221 silly addNameRange     '3.0.0',
221 silly addNameRange     '3.0.1',
221 silly addNameRange     '3.0.2',
221 silly addNameRange     '3.0.3',
221 silly addNameRange     '3.0.4',
221 silly addNameRange     '3.0.5',
221 silly addNameRange     '3.0.6',
221 silly addNameRange     '3.1.0',
221 silly addNameRange     '3.1.1',
221 silly addNameRange     '3.1.2',
221 silly addNameRange     '3.2.0',
221 silly addNameRange     '3.2.1',
221 silly addNameRange     '3.2.2',
221 silly addNameRange     '3.2.3',
221 silly addNameRange     '3.2.4',
221 silly addNameRange     '3.2.5',
221 silly addNameRange     '3.2.6',
221 silly addNameRange     '3.3.0',
221 silly addNameRange     '3.3.1',
221 silly addNameRange     '3.3.2',
221 silly addNameRange     '3.3.3',
221 silly addNameRange     '3.3.4',
221 silly addNameRange     '3.3.5',
221 silly addNameRange     '3.3.6',
221 silly addNameRange     '1.0.0-beta',
221 silly addNameRange     '1.0.0-beta2',
221 silly addNameRange     '1.0.0-rc',
221 silly addNameRange     '1.0.0-rc2',
221 silly addNameRange     '1.0.0-rc3',
221 silly addNameRange     '1.0.0-rc4',
221 silly addNameRange     '2.0.0-beta',
221 silly addNameRange     '2.0.0-beta2',
221 silly addNameRange     '2.0.0-beta3',
221 silly addNameRange     '2.0.0-rc',
221 silly addNameRange     '2.0.0-rc2',
221 silly addNameRange     '2.0.0-rc3',
221 silly addNameRange     '3.0.0-alpha1',
221 silly addNameRange     '3.0.0-alpha2',
221 silly addNameRange     '3.0.0-alpha3',
221 silly addNameRange     '3.0.0-alpha4',
221 silly addNameRange     '3.0.0-alpha5',
221 silly addNameRange     '3.0.0-beta1',
221 silly addNameRange     '3.0.0-beta2',
221 silly addNameRange     '3.0.0-beta3',
221 silly addNameRange     '3.0.0-beta4',
221 silly addNameRange     '3.0.0-beta6',
221 silly addNameRange     '3.0.0-beta7',
221 silly addNameRange     '3.0.0-rc1',
221 silly addNameRange     '3.0.0-rc2',
221 silly addNameRange     '3.0.0-rc3',
221 silly addNameRange     '3.0.0-rc4',
221 silly addNameRange     '3.0.0-rc5',
221 silly addNameRange     '3.3.7',
221 silly addNameRange     '3.3.8',
221 silly addNameRange     '3.4.0',
221 silly addNameRange     '3.4.1',
221 silly addNameRange     '3.4.2',
221 silly addNameRange     '3.4.3',
221 silly addNameRange     '3.4.4',
221 silly addNameRange     '3.4.5',
221 silly addNameRange     '3.4.6',
221 silly addNameRange     '3.4.7',
221 silly addNameRange     '3.4.8',
221 silly addNameRange     '4.0.0-rc1',
221 silly addNameRange     '4.0.0-rc2',
221 silly addNameRange     '3.5.0',
221 silly addNameRange     '4.0.0-rc3',
221 silly addNameRange     '4.0.0-rc4',
221 silly addNameRange     '3.5.1',
221 silly addNameRange     '4.0.0',
221 silly addNameRange     '3.5.2',
221 silly addNameRange     '4.1.0',
221 silly addNameRange     '4.1.1',
221 silly addNameRange     '3.5.3',
221 silly addNameRange     '4.1.2',
221 silly addNameRange     '3.6.0',
221 silly addNameRange     '4.2.0',
221 silly addNameRange     '3.7.0',
221 silly addNameRange     '3.8.0',
221 silly addNameRange     '4.3.0',
221 silly addNameRange     '4.3.1',
221 silly addNameRange     '3.8.1',
221 silly addNameRange     '4.3.2',
221 silly addNameRange     '3.9.0',
221 silly addNameRange     '4.4.0',
221 silly addNameRange     '4.4.1',
221 silly addNameRange     '3.10.0',
221 silly addNameRange     '3.10.1',
221 silly addNameRange     '3.10.2',
221 silly addNameRange     '3.10.3',
221 silly addNameRange     '3.10.4',
221 silly addNameRange     '4.4.2',
221 silly addNameRange     '3.10.5',
221 silly addNameRange     '4.4.3',
221 silly addNameRange     '3.11.0',
221 silly addNameRange     '4.4.4',
221 silly addNameRange     '3.12.0',
221 silly addNameRange     '3.12.1',
221 silly addNameRange     '4.4.5',
221 silly addNameRange     '3.13.0',
221 silly addNameRange     '4.5.0',
221 silly addNameRange     '4.5.1',
221 silly addNameRange     '3.14.0',
221 silly addNameRange     '4.6.0',
221 silly addNameRange     '4.6.1',
221 silly addNameRange     '3.15.0',
221 silly addNameRange     '4.7.0',
221 silly addNameRange     '3.15.1',
221 silly addNameRange     '4.7.1',
221 silly addNameRange     '3.15.2',
221 silly addNameRange     '4.7.2',
221 silly addNameRange     '4.7.3',
221 silly addNameRange     '3.15.3',
221 silly addNameRange     '4.7.4',
221 silly addNameRange     '3.16.0',
221 silly addNameRange     '4.8.0',
221 silly addNameRange     '3.16.1',
221 silly addNameRange     '4.8.1',
221 silly addNameRange     '3.16.2',
221 silly addNameRange     '4.8.2',
221 silly addNameRange     '3.16.3',
221 silly addNameRange     '3.16.4',
221 silly addNameRange     '4.8.3',
221 silly addNameRange     '3.16.5',
221 silly addNameRange     '3.16.6',
221 silly addNameRange     '4.8.4',
221 silly addNameRange     '3.16.7',
221 silly addNameRange     '4.8.5',
221 silly addNameRange     '3.16.8',
221 silly addNameRange     '4.8.6',
221 silly addNameRange     '3.16.9',
221 silly addNameRange     '4.8.7',
221 silly addNameRange     '3.16.10',
221 silly addNameRange     '4.8.8',
221 silly addNameRange     '3.17.0',
221 silly addNameRange     '3.17.1',
221 silly addNameRange     '4.9.0',
221 silly addNameRange     '3.17.2',
221 silly addNameRange     '4.9.1',
221 silly addNameRange     '4.9.2',
221 silly addNameRange     '3.17.3',
221 silly addNameRange     '4.9.3',
221 silly addNameRange     '3.17.4',
221 silly addNameRange     '4.9.4',
221 silly addNameRange     '3.17.5',
221 silly addNameRange     '4.9.5',
221 silly addNameRange     '3.17.6',
221 silly addNameRange     '3.17.7',
221 silly addNameRange     '4.9.6',
221 silly addNameRange     '4.9.7',
221 silly addNameRange     '3.17.8',
221 silly addNameRange     '4.9.8',
221 silly addNameRange     '3.18.0',
221 silly addNameRange     '3.18.1',
221 silly addNameRange     '4.10.0',
221 silly addNameRange     '3.18.2',
221 silly addNameRange     '4.10.1',
221 silly addNameRange     '5.0.0-alpha.1',
221 silly addNameRange     '3.18.3',
221 silly addNameRange     '4.10.2',
221 silly addNameRange     '3.18.4',
221 silly addNameRange     '4.10.3',
221 silly addNameRange     '4.10.4',
221 silly addNameRange     '4.10.5',
221 silly addNameRange     '3.18.5',
221 silly addNameRange     '3.18.6',
221 silly addNameRange     '4.10.6',
221 silly addNameRange     '4.10.7',
221 silly addNameRange     '3.19.0',
221 silly addNameRange     '4.10.8',
221 silly addNameRange     '4.11.0',
221 silly addNameRange     '3.19.1',
221 silly addNameRange     '4.11.1' ] ]
222 verbose addNamed [ 'express', '4.10.8' ]
223 verbose addNamed [ '4.10.8', '4.10.8' ]
224 silly lockFile 44558bf5-express-4-10-8 express@4.10.8
225 verbose lock express@4.10.8 /Users/dylsauce/.npm/44558bf5-express-4-10-8.lock
226 silly lockFile 95f2bc2f-s-org-express-express-4-10-8-tgz https://registry.npmjs.org/express/-/express-4.10.8.tgz
227 verbose lock https://registry.npmjs.org/express/-/express-4.10.8.tgz /Users/dylsauce/.npm/95f2bc2f-s-org-express-express-4-10-8-tgz.lock
228 verbose addRemoteTarball [ 'https://registry.npmjs.org/express/-/express-4.10.8.tgz',
228 verbose addRemoteTarball   '2d83571e065c0efb2679c0a5f9ae66aeaa47024a' ]
229 info retry fetch attempt 1 at 03:37:46
230 verbose fetch to= /var/folders/2j/6bqx933j29d8mpfmwd417dsr0000gn/T/npm-37254-dotml_kl/registry.npmjs.org/express/-/express-4.10.8.tgz
231 http GET https://registry.npmjs.org/express/-/express-4.10.8.tgz
232 http 200 https://registry.npmjs.org/express/-/express-4.10.8.tgz
233 silly lockFile 95f2bc2f-s-org-express-express-4-10-8-tgz https://registry.npmjs.org/express/-/express-4.10.8.tgz
234 silly lockFile 95f2bc2f-s-org-express-express-4-10-8-tgz https://registry.npmjs.org/express/-/express-4.10.8.tgz
235 silly lockFile 44558bf5-express-4-10-8 express@4.10.8
236 silly lockFile 44558bf5-express-4-10-8 express@4.10.8
237 silly lockFile b47cc0ff-express-4-10-2 express@~4.10.2
238 silly lockFile b47cc0ff-express-4-10-2 express@~4.10.2
239 error Error: EACCES, mkdir '/Users/dylsauce/.npm/socket.io/1.3.2'
239 error  { [Error: EACCES, mkdir '/Users/dylsauce/.npm/socket.io/1.3.2']
239 error   errno: 3,
239 error   code: 'EACCES',
239 error   path: '/Users/dylsauce/.npm/socket.io/1.3.2' }
240 error Please try running this command again as root/Administrator.
241 error System Darwin 14.0.0
242 error command "node" "/usr/local/bin/npm" "install"
243 error cwd /Users/dylsauce/Desktop/pebblePunch/quarry
244 error node -v v0.10.32
245 error npm -v 1.4.28
246 error path /Users/dylsauce/.npm/socket.io/1.3.2
247 error code EACCES
248 error errno 3
249 error stack Error: EACCES, mkdir '/Users/dylsauce/.npm/socket.io/1.3.2'
250 verbose exit [ 3, true ]
